[debug] [2024-08-22T05:43:37.752Z] ----------------------------------------------------------------------
[debug] [2024-08-22T05:43:37.754Z] Command:       /usr/local/bin/node /usr/local/bin/firebase deploy --only hosting:admin-mamoodi
[debug] [2024-08-22T05:43:37.754Z] CLI Version:   13.10.1
[debug] [2024-08-22T05:43:37.755Z] Platform:      darwin
[debug] [2024-08-22T05:43:37.755Z] Node Version:  v21.7.3
[debug] [2024-08-22T05:43:37.755Z] Time:          Thu Aug 22 2024 12:43:37 GMT+0700 (Indochina Time)
[debug] [2024-08-22T05:43:37.756Z] ----------------------------------------------------------------------
[debug] 
[debug] [2024-08-22T05:43:37.811Z] > command requires scopes: ["email","openid","https://www.googleapis.com/auth/cloudplatformprojects.readonly","https://www.googleapis.com/auth/firebase","https://www.googleapis.com/auth/cloud-platform"]
[debug] [2024-08-22T05:43:37.811Z] > authorizing via signed-in user (benz@scoutout.net)
[debug] [2024-08-22T05:43:37.812Z] [iam] checking project horoscope-project-d3937 for permissions ["firebase.projects.get","firebasehosting.sites.update"]
[debug] [2024-08-22T05:43:37.813Z] >>> [apiv2][query] POST https://cloudresourcemanager.googleapis.com/v1/projects/horoscope-project-d3937:testIamPermissions [none]
[debug] [2024-08-22T05:43:37.813Z] >>> [apiv2][(partial)header] POST https://cloudresourcemanager.googleapis.com/v1/projects/horoscope-project-d3937:testIamPermissions x-goog-quota-user=projects/horoscope-project-d3937
[debug] [2024-08-22T05:43:37.813Z] >>> [apiv2][body] POST https://cloudresourcemanager.googleapis.com/v1/projects/horoscope-project-d3937:testIamPermissions {"permissions":["firebase.projects.get","firebasehosting.sites.update"]}
[debug] [2024-08-22T05:43:39.055Z] <<< [apiv2][status] POST https://cloudresourcemanager.googleapis.com/v1/projects/horoscope-project-d3937:testIamPermissions 200
[debug] [2024-08-22T05:43:39.056Z] <<< [apiv2][body] POST https://cloudresourcemanager.googleapis.com/v1/projects/horoscope-project-d3937:testIamPermissions {"permissions":["firebase.projects.get","firebasehosting.sites.update"]}
[debug] [2024-08-22T05:43:39.057Z] >>> [apiv2][query] GET https://firebase.googleapis.com/v1beta1/projects/horoscope-project-d3937 [none]
[debug] [2024-08-22T05:43:39.475Z] <<< [apiv2][status] GET https://firebase.googleapis.com/v1beta1/projects/horoscope-project-d3937 200
[debug] [2024-08-22T05:43:39.475Z] <<< [apiv2][body] GET https://firebase.googleapis.com/v1beta1/projects/horoscope-project-d3937 {"projectId":"horoscope-project-d3937","projectNumber":"133923026913","displayName":"Horoscope-project","name":"projects/horoscope-project-d3937","resources":{"hostingSite":"horoscope-project-d3937"},"state":"ACTIVE","etag":"1_b6a2ee3b-bbdc-4c44-9ea9-f88d150a9a39"}
[info] 
[info] === Deploying to 'horoscope-project-d3937'...
[info] 
[info] i  deploying hosting 
[debug] [2024-08-22T05:43:39.481Z] >>> [apiv2][query] POST https://firebasehosting.googleapis.com/v1beta1/projects/-/sites/admin-mamoodi/versions [none]
[debug] [2024-08-22T05:43:39.481Z] >>> [apiv2][body] POST https://firebasehosting.googleapis.com/v1beta1/projects/-/sites/admin-mamoodi/versions {"status":"CREATED","labels":{"deployment-tool":"cli-firebase"}}
[debug] [2024-08-22T05:43:40.739Z] <<< [apiv2][status] POST https://firebasehosting.googleapis.com/v1beta1/projects/-/sites/admin-mamoodi/versions 200
[debug] [2024-08-22T05:43:40.739Z] <<< [apiv2][body] POST https://firebasehosting.googleapis.com/v1beta1/projects/-/sites/admin-mamoodi/versions {"name":"projects/133923026913/sites/admin-mamoodi/versions/fda6728d2b2b9e7f","status":"CREATED","config":{},"labels":{"deployment-tool":"cli-firebase"}}
[info] i  hosting[admin-mamoodi]: beginning deploy... 
[info] i  hosting[admin-mamoodi]: found 23 files in build 
[debug] [2024-08-22T05:43:40.761Z] [hosting] uploading with 200 concurrency
[debug] [2024-08-22T05:43:41.016Z] [hosting] hash cache [YnVpbGQ] stored for 23 files
[debug] [2024-08-22T05:43:41.016Z] [hosting][hash queue][FINAL] {"max":243,"min":14,"avg":29.73913043478261,"active":0,"complete":23,"success":23,"errored":0,"retried":0,"total":23,"elapsed":253}
[debug] [2024-08-22T05:43:41.016Z] >>> [apiv2][query] POST https://firebasehosting.googleapis.com/v1beta1/projects/133923026913/sites/admin-mamoodi/versions/fda6728d2b2b9e7f:populateFiles [none]
[debug] [2024-08-22T05:43:41.016Z] >>> [apiv2][body] POST https://firebasehosting.googleapis.com/v1beta1/projects/133923026913/sites/admin-mamoodi/versions/fda6728d2b2b9e7f:populateFiles {"files":{"/index.html":"758e1f3c5098a4a24141f36accc17e9792d5292870e5046299f147776c9b2331","/asset-manifest.json":"6c837ca2dfdc657a5d41fbc660e646a7131621d17edb83bbec6776a1b76a7b7e","/favicon.ico":"1463be9bedc82e16f9364eec7a1f5152cbe56229401381eed65c1496cb884407","/logo192.png":"f66564670b5bfe49f3f04a5b63107bae60f4a7736f1d3b83aa0115f7acf45150","/manifest.json":"4e1d3adad9ce7e17c0d13fac197f1c27091906f4ecf3909c9f51247bff345118","/robots.txt":"391d14b3c2f8c9143a27a28c7399585142228d4d1bdbe2c87ac946de411fa9a2","/logo512.png":"2356e0b814e58a349935c8de17226873d615d088a867d591fef48a64c80c9a2f","/static/js/453.413a511d.chunk.js":"fa1becd4d40270c545fd0cf173ffbe1b4905f414e82b758c7fbf1ea500edc69b","/static/js/453.413a511d.chunk.js.map":"e83f827da80cd558f4e59ea82d0e9ae98cde7bd3d932c0b831bbda5042b103b4","/static/js/main.5d1a869e.js.LICENSE.txt":"6d6bd16777cb3af56f300060a1415e3cffbef2ca644410d4564d16332e857950","/fonts/LINESeedSansTH_Bd.ttf":"70f3e92a468be9501f4eabd496d7cfa8d0d8ea6b57208f832ddc68b4571c02bd","/static/media/LINESeedSansTH_Bd.79f13bb42c86568121ab.ttf":"70f3e92a468be9501f4eabd496d7cfa8d0d8ea6b57208f832ddc68b4571c02bd","/fonts/LINESeedSansTH_He.ttf":"5eb45a5d62c0aed0b32dec4d05f6ca5361a803513e9e0599561c6d4dd440d49e","/fonts/LINESeedSansTH_Rg.ttf":"67894d6c24f5bc9f8b5053cd4f8ca3473428970bdcd50b2b1fc0023118d4ce28","/static/media/LINESeedSansTH_Rg.669a2c25dccca1593ab6.ttf":"67894d6c24f5bc9f8b5053cd4f8ca3473428970bdcd50b2b1fc0023118d4ce28","/fonts/LINESeedSansTH_XBd.ttf":"c4c80874bf56d1b7c3c17b758e48886c16f9e90542d2f972d9edb973ed55edd6","/fonts/LINESeedSansTH_Th.ttf":"3fba2679dad22e9fad66bed4ed97a357375026b9b439d305deca4bfdcf1e09d0","/static/media/LINESeedSansTH_He.d5a4f94ba2f53a956437.ttf":"5eb45a5d62c0aed0b32dec4d05f6ca5361a803513e9e0599561c6d4dd440d49e","/static/media/LINESeedSansTH_Th.48ad5e4faa7f2b1e3d06.ttf":"3fba2679dad22e9fad66bed4ed97a357375026b9b439d305deca4bfdcf1e09d0","/static/css/main.86c581d6.css":"0665acdc70a51773e6f61862a4eff2e89bf3e3bb8655ae2ef14798dbd19e8e72","/static/css/main.86c581d6.css.map":"573358934f7a63a517a2a6c2954df1b0d1aacd87f3814516cd3fae9ffdd65488","/static/js/main.5d1a869e.js":"25ec9a21bda06fcc1ca045db3e876c55271a30f83c5790112c6b197cc33e28e8","/static/js/main.5d1a869e.js.map":"0683e231d55d5d69288e4686f871d0650a540767c5192f0508f9adf317afcee6"}}
[debug] [2024-08-22T05:43:41.632Z] <<< [apiv2][status] POST https://firebasehosting.googleapis.com/v1beta1/projects/133923026913/sites/admin-mamoodi/versions/fda6728d2b2b9e7f:populateFiles 200
[debug] [2024-08-22T05:43:41.632Z] <<< [apiv2][body] POST https://firebasehosting.googleapis.com/v1beta1/projects/133923026913/sites/admin-mamoodi/versions/fda6728d2b2b9e7f:populateFiles {"uploadRequiredHashes":["25ec9a21bda06fcc1ca045db3e876c55271a30f83c5790112c6b197cc33e28e8","6c837ca2dfdc657a5d41fbc660e646a7131621d17edb83bbec6776a1b76a7b7e","0665acdc70a51773e6f61862a4eff2e89bf3e3bb8655ae2ef14798dbd19e8e72","0683e231d55d5d69288e4686f871d0650a540767c5192f0508f9adf317afcee6","573358934f7a63a517a2a6c2954df1b0d1aacd87f3814516cd3fae9ffdd65488","758e1f3c5098a4a24141f36accc17e9792d5292870e5046299f147776c9b2331"],"uploadUrl":"https://upload-firebasehosting.googleapis.com/upload/sites/admin-mamoodi/versions/fda6728d2b2b9e7f/files"}
[debug] [2024-08-22T05:43:41.635Z] >>> [apiv2][query] POST https://upload-firebasehosting.googleapis.com/upload/sites/admin-mamoodi/versions/fda6728d2b2b9e7f/files/25ec9a21bda06fcc1ca045db3e876c55271a30f83c5790112c6b197cc33e28e8 [none]
[debug] [2024-08-22T05:43:41.635Z] >>> [apiv2][body] POST https://upload-firebasehosting.googleapis.com/upload/sites/admin-mamoodi/versions/fda6728d2b2b9e7f/files/25ec9a21bda06fcc1ca045db3e876c55271a30f83c5790112c6b197cc33e28e8 [stream]
[debug] [2024-08-22T05:43:41.638Z] >>> [apiv2][query] POST https://upload-firebasehosting.googleapis.com/upload/sites/admin-mamoodi/versions/fda6728d2b2b9e7f/files/6c837ca2dfdc657a5d41fbc660e646a7131621d17edb83bbec6776a1b76a7b7e [none]
[debug] [2024-08-22T05:43:41.638Z] >>> [apiv2][body] POST https://upload-firebasehosting.googleapis.com/upload/sites/admin-mamoodi/versions/fda6728d2b2b9e7f/files/6c837ca2dfdc657a5d41fbc660e646a7131621d17edb83bbec6776a1b76a7b7e [stream]
[debug] [2024-08-22T05:43:41.641Z] >>> [apiv2][query] POST https://upload-firebasehosting.googleapis.com/upload/sites/admin-mamoodi/versions/fda6728d2b2b9e7f/files/0665acdc70a51773e6f61862a4eff2e89bf3e3bb8655ae2ef14798dbd19e8e72 [none]
[debug] [2024-08-22T05:43:41.642Z] >>> [apiv2][body] POST https://upload-firebasehosting.googleapis.com/upload/sites/admin-mamoodi/versions/fda6728d2b2b9e7f/files/0665acdc70a51773e6f61862a4eff2e89bf3e3bb8655ae2ef14798dbd19e8e72 [stream]
[debug] [2024-08-22T05:43:41.645Z] >>> [apiv2][query] POST https://upload-firebasehosting.googleapis.com/upload/sites/admin-mamoodi/versions/fda6728d2b2b9e7f/files/0683e231d55d5d69288e4686f871d0650a540767c5192f0508f9adf317afcee6 [none]
[debug] [2024-08-22T05:43:41.645Z] >>> [apiv2][body] POST https://upload-firebasehosting.googleapis.com/upload/sites/admin-mamoodi/versions/fda6728d2b2b9e7f/files/0683e231d55d5d69288e4686f871d0650a540767c5192f0508f9adf317afcee6 [stream]
[debug] [2024-08-22T05:43:41.646Z] >>> [apiv2][query] POST https://upload-firebasehosting.googleapis.com/upload/sites/admin-mamoodi/versions/fda6728d2b2b9e7f/files/573358934f7a63a517a2a6c2954df1b0d1aacd87f3814516cd3fae9ffdd65488 [none]
[debug] [2024-08-22T05:43:41.646Z] >>> [apiv2][body] POST https://upload-firebasehosting.googleapis.com/upload/sites/admin-mamoodi/versions/fda6728d2b2b9e7f/files/573358934f7a63a517a2a6c2954df1b0d1aacd87f3814516cd3fae9ffdd65488 [stream]
[debug] [2024-08-22T05:43:41.649Z] >>> [apiv2][query] POST https://upload-firebasehosting.googleapis.com/upload/sites/admin-mamoodi/versions/fda6728d2b2b9e7f/files/758e1f3c5098a4a24141f36accc17e9792d5292870e5046299f147776c9b2331 [none]
[debug] [2024-08-22T05:43:41.649Z] >>> [apiv2][body] POST https://upload-firebasehosting.googleapis.com/upload/sites/admin-mamoodi/versions/fda6728d2b2b9e7f/files/758e1f3c5098a4a24141f36accc17e9792d5292870e5046299f147776c9b2331 [stream]
[debug] [2024-08-22T05:43:41.652Z] [hosting][populate queue][FINAL] {"max":621,"min":621,"avg":621,"active":0,"complete":1,"success":1,"errored":0,"retried":0,"total":1,"elapsed":638}
[debug] [2024-08-22T05:43:41.652Z] [hosting] uploads queued: 6
[debug] [2024-08-22T05:43:42.960Z] <<< [apiv2][status] POST https://upload-firebasehosting.googleapis.com/upload/sites/admin-mamoodi/versions/fda6728d2b2b9e7f/files/758e1f3c5098a4a24141f36accc17e9792d5292870e5046299f147776c9b2331 200
[debug] [2024-08-22T05:43:42.960Z] <<< [apiv2][body] POST https://upload-firebasehosting.googleapis.com/upload/sites/admin-mamoodi/versions/fda6728d2b2b9e7f/files/758e1f3c5098a4a24141f36accc17e9792d5292870e5046299f147776c9b2331 [stream]
[debug] [2024-08-22T05:43:43.056Z] <<< [apiv2][status] POST https://upload-firebasehosting.googleapis.com/upload/sites/admin-mamoodi/versions/fda6728d2b2b9e7f/files/0665acdc70a51773e6f61862a4eff2e89bf3e3bb8655ae2ef14798dbd19e8e72 200
[debug] [2024-08-22T05:43:43.057Z] <<< [apiv2][body] POST https://upload-firebasehosting.googleapis.com/upload/sites/admin-mamoodi/versions/fda6728d2b2b9e7f/files/0665acdc70a51773e6f61862a4eff2e89bf3e3bb8655ae2ef14798dbd19e8e72 [stream]
[debug] [2024-08-22T05:43:43.230Z] <<< [apiv2][status] POST https://upload-firebasehosting.googleapis.com/upload/sites/admin-mamoodi/versions/fda6728d2b2b9e7f/files/6c837ca2dfdc657a5d41fbc660e646a7131621d17edb83bbec6776a1b76a7b7e 200
[debug] [2024-08-22T05:43:43.231Z] <<< [apiv2][body] POST https://upload-firebasehosting.googleapis.com/upload/sites/admin-mamoodi/versions/fda6728d2b2b9e7f/files/6c837ca2dfdc657a5d41fbc660e646a7131621d17edb83bbec6776a1b76a7b7e [stream]
[debug] [2024-08-22T05:43:43.334Z] <<< [apiv2][status] POST https://upload-firebasehosting.googleapis.com/upload/sites/admin-mamoodi/versions/fda6728d2b2b9e7f/files/573358934f7a63a517a2a6c2954df1b0d1aacd87f3814516cd3fae9ffdd65488 200
[debug] [2024-08-22T05:43:43.335Z] <<< [apiv2][body] POST https://upload-firebasehosting.googleapis.com/upload/sites/admin-mamoodi/versions/fda6728d2b2b9e7f/files/573358934f7a63a517a2a6c2954df1b0d1aacd87f3814516cd3fae9ffdd65488 [stream]
[debug] [2024-08-22T05:43:43.440Z] <<< [apiv2][status] POST https://upload-firebasehosting.googleapis.com/upload/sites/admin-mamoodi/versions/fda6728d2b2b9e7f/files/25ec9a21bda06fcc1ca045db3e876c55271a30f83c5790112c6b197cc33e28e8 200
[debug] [2024-08-22T05:43:43.440Z] <<< [apiv2][body] POST https://upload-firebasehosting.googleapis.com/upload/sites/admin-mamoodi/versions/fda6728d2b2b9e7f/files/25ec9a21bda06fcc1ca045db3e876c55271a30f83c5790112c6b197cc33e28e8 [stream]
[debug] [2024-08-22T05:43:43.478Z] <<< [apiv2][status] POST https://upload-firebasehosting.googleapis.com/upload/sites/admin-mamoodi/versions/fda6728d2b2b9e7f/files/0683e231d55d5d69288e4686f871d0650a540767c5192f0508f9adf317afcee6 200
[debug] [2024-08-22T05:43:43.478Z] <<< [apiv2][body] POST https://upload-firebasehosting.googleapis.com/upload/sites/admin-mamoodi/versions/fda6728d2b2b9e7f/files/0683e231d55d5d69288e4686f871d0650a540767c5192f0508f9adf317afcee6 [stream]
[debug] [2024-08-22T05:43:43.479Z] [hosting][upload queue][FINAL] {"max":1845,"min":1326,"avg":1617.1666666666667,"active":0,"complete":6,"success":6,"errored":0,"retried":0,"total":6,"elapsed":1847}
[info] ✔  hosting[admin-mamoodi]: file upload complete 
[debug] [2024-08-22T05:43:43.480Z] [hosting] deploy completed after 2738ms
[debug] [2024-08-22T05:43:43.480Z] [
  {
    "config": {
      "target": "admin-mamoodi",
      "public": "build",
      "ignore": [
        "firebase.json",
        "**/.*",
        "**/node_modules/**"
      ],
      "rewrites": [
        {
          "source": "**",
          "destination": "/index.html"
        }
      ],
      "site": "admin-mamoodi"
    },
    "version": "projects/133923026913/sites/admin-mamoodi/versions/fda6728d2b2b9e7f"
  }
]
[info] i  hosting[admin-mamoodi]: finalizing version... 
[debug] [2024-08-22T05:43:43.484Z] >>> [apiv2][query] PATCH https://firebasehosting.googleapis.com/v1beta1/projects/-/sites/admin-mamoodi/versions/fda6728d2b2b9e7f updateMask=status%2Cconfig
[debug] [2024-08-22T05:43:43.484Z] >>> [apiv2][body] PATCH https://firebasehosting.googleapis.com/v1beta1/projects/-/sites/admin-mamoodi/versions/fda6728d2b2b9e7f {"status":"FINALIZED","config":{"rewrites":[{"glob":"**","path":"/index.html"}]}}
[debug] [2024-08-22T05:43:44.249Z] <<< [apiv2][status] PATCH https://firebasehosting.googleapis.com/v1beta1/projects/-/sites/admin-mamoodi/versions/fda6728d2b2b9e7f 200
[debug] [2024-08-22T05:43:44.250Z] <<< [apiv2][body] PATCH https://firebasehosting.googleapis.com/v1beta1/projects/-/sites/admin-mamoodi/versions/fda6728d2b2b9e7f {"name":"projects/133923026913/sites/admin-mamoodi/versions/fda6728d2b2b9e7f","status":"FINALIZED","config":{"rewrites":[{"glob":"**","path":"/index.html"}]},"labels":{"deployment-tool":"cli-firebase"},"createTime":"2024-08-22T05:43:40.424088Z","createUser":{"email":"benz@scoutout.net"},"finalizeTime":"2024-08-22T05:43:44.149133Z","finalizeUser":{"email":"benz@scoutout.net"}}
[debug] [2024-08-22T05:43:44.250Z] [hosting] finalized version for admin-mamoodi:[object Object]
[info] ✔  hosting[admin-mamoodi]: version finalized 
[info] i  hosting[admin-mamoodi]: releasing new version... 
[debug] [2024-08-22T05:43:44.253Z] >>> [apiv2][query] POST https://firebasehosting.googleapis.com/v1beta1/projects/-/sites/admin-mamoodi/channels/live/releases versionName=projects%2F133923026913%2Fsites%2Fadmin-mamoodi%2Fversions%2Ffda6728d2b2b9e7f
[debug] [2024-08-22T05:43:44.253Z] >>> [apiv2][body] POST https://firebasehosting.googleapis.com/v1beta1/projects/-/sites/admin-mamoodi/channels/live/releases {}
